<?xml version="1.0" encoding="UTF-8"?>
<!-- Generated by org.testng.reporters.JUnitReportReporter -->
<testsuite skipped="0" hostname="Netras-MBP.localdomain" name="com.apex.User_Test.UserGetAPITest" tests="4" failures="0" timestamp="2022-05-22T21:34:29 PDT" time="2.199" errors="0">
  <testcase name="testWithLockedMember" time="0.469" classname="com.apex.User_Test.UserGetAPITest"/>
  <system-out/>
  <testcase name="testWithCharacter" time="0.994" classname="com.apex.User_Test.UserGetAPITest"/>
  <system-out/>
  <testcase name="testWithCorrectUserID" time="0.126" classname="com.apex.User_Test.UserGetAPITest"/>
  <system-out/>
  <testcase name="testWithLongNumber" time="0.610" classname="com.apex.User_Test.UserGetAPITest"/>
  <system-out/>
</testsuite> <!-- com.apex.User_Test.UserGetAPITest -->
