<?xml version="1.0" encoding="UTF-8"?>
<!-- Generated by org.testng.reporters.JUnitReportReporter -->
<testsuite skipped="0" hostname="Netras-MBP.localdomain" name="com.apex.User_Test.UserPostAPITest" tests="1" failures="0" timestamp="2022-05-23T15:26:43 PDT" time="1.189" errors="0">
  <testcase name="testWithCorrectUserID" time="1.189" classname="com.apex.User_Test.UserPostAPITest"/>
  <system-out/>
</testsuite> <!-- com.apex.User_Test.UserPostAPITest -->
